<?xml version="1.0" encoding="UTF-8"?>
<coverage generated="1780988249679" clover="3.2.0">
  <project timestamp="1780988249679" name="All files">
    <metrics statements="74" coveredstatements="72" conditionals="39" coveredconditionals="35" methods="21" coveredmethods="21" elements="134" coveredelements="128" complexity="0" loc="74" ncloc="74" packages="1" files="5" classes="5"/>
    <file name="clock.js" path="/tmp/workspace/gzq2024/20260609MS_Lecture/1.pomodoro/static/js/timer/clock.js">
      <metrics statements="6" coveredstatements="6" conditionals="1" coveredconditionals="1" methods="5" coveredmethods="5"/>
      <line num="15" count="2" type="stmt"/>
      <line num="33" count="6" type="stmt"/>
      <line num="38" count="6" type="stmt"/>
      <line num="46" count="5" type="stmt"/>
      <line num="54" count="2" type="stmt"/>
      <line num="58" count="1" type="stmt"/>
    </file>
    <file name="config.js" path="/tmp/workspace/gzq2024/20260609MS_Lecture/1.pomodoro/static/js/timer/config.js">
      <metrics statements="2" coveredstatements="2" conditionals="0" coveredconditionals="0" methods="0" coveredmethods="0"/>
      <line num="16" count="1" type="stmt"/>
      <line num="23" count="1" type="stmt"/>
    </file>
    <file name="presenter.js" path="/tmp/workspace/gzq2024/20260609MS_Lecture/1.pomodoro/static/js/timer/presenter.js">
      <metrics statements="19" coveredstatements="19" conditionals="10" coveredconditionals="8" methods="3" coveredmethods="3"/>
      <line num="19" count="1" type="stmt"/>
      <line num="27" count="26" type="stmt"/>
      <line num="28" count="26" type="stmt"/>
      <line num="29" count="26" type="stmt"/>
      <line num="30" count="26" type="stmt"/>
      <line num="46" count="9" type="stmt"/>
      <line num="49" count="9" type="stmt"/>
      <line num="52" count="9" type="stmt"/>
      <line num="53" count="9" type="stmt"/>
      <line num="56" count="9" type="stmt"/>
      <line num="59" count="9" type="stmt"/>
      <line num="60" count="9" type="stmt"/>
      <line num="62" count="9" type="stmt"/>
      <line num="74" count="19" type="stmt"/>
      <line num="82" count="19" type="cond" truecount="1" falsecount="1"/>
      <line num="86" count="19" type="stmt"/>
      <line num="87" count="19" type="cond" truecount="2" falsecount="0"/>
      <line num="89" count="19" type="stmt"/>
      <line num="99" count="1" type="stmt"/>
    </file>
    <file name="scheduler.js" path="/tmp/workspace/gzq2024/20260609MS_Lecture/1.pomodoro/static/js/timer/scheduler.js">
      <metrics statements="21" coveredstatements="21" conditionals="6" coveredconditionals="6" methods="9" coveredmethods="9"/>
      <line num="14" count="4" type="stmt"/>
      <line num="23" count="4" type="stmt"/>
      <line num="24" count="4" type="stmt"/>
      <line num="29" count="8" type="cond" truecount="2" falsecount="0"/>
      <line num="30" count="4" type="stmt"/>
      <line num="31" count="4" type="stmt"/>
      <line num="37" count="2" type="stmt"/>
      <line num="53" count="7" type="stmt"/>
      <line num="54" count="7" type="stmt"/>
      <line num="55" count="7" type="stmt"/>
      <line num="62" count="8" type="stmt"/>
      <line num="63" count="8" type="stmt"/>
      <line num="64" count="8" type="stmt"/>
      <line num="65" count="8" type="stmt"/>
      <line num="69" count="10" type="stmt"/>
      <line num="70" count="10" type="stmt"/>
      <line num="75" count="9" type="cond" truecount="4" falsecount="0"/>
      <line num="76" count="8" type="stmt"/>
      <line num="77" count="8" type="stmt"/>
      <line num="82" count="2" type="stmt"/>
      <line num="86" count="1" type="stmt"/>
    </file>
    <file name="state_machine.js" path="/tmp/workspace/gzq2024/20260609MS_Lecture/1.pomodoro/static/js/timer/state_machine.js">
      <metrics statements="26" coveredstatements="24" conditionals="22" coveredconditionals="20" methods="4" coveredmethods="4"/>
      <line num="26" count="1" type="stmt"/>
      <line num="34" count="1" type="stmt"/>
      <line num="46" count="29" type="stmt"/>
      <line num="60" count="19" type="stmt"/>
      <line num="73" count="37" type="stmt"/>
      <line num="75" count="37" type="cond" truecount="3" falsecount="1"/>
      <line num="80" count="11" type="cond" truecount="2" falsecount="0"/>
      <line num="81" count="8" type="stmt"/>
      <line num="90" count="3" type="cond" truecount="4" falsecount="0"/>
      <line num="91" count="2" type="stmt"/>
      <line num="99" count="1" type="stmt"/>
      <line num="106" count="19" type="cond" truecount="2" falsecount="0"/>
      <line num="107" count="13" type="stmt"/>
      <line num="108" count="13" type="stmt"/>
      <line num="112" count="13" type="cond" truecount="2" falsecount="0"/>
      <line num="115" count="13" type="cond" truecount="2" falsecount="0"/>
      <line num="119" count="13" type="stmt"/>
      <line num="129" count="6" type="cond" truecount="3" falsecount="1"/>
      <line num="130" count="6" type="stmt"/>
      <line num="138" count="0" type="stmt"/>
      <line num="145" count="7" type="stmt"/>
      <line num="156" count="0" type="stmt"/>
      <line num="160" count="1" type="stmt"/>
      <line num="173" count="5" type="cond" truecount="2" falsecount="0"/>
      <line num="174" count="4" type="stmt"/>
      <line num="177" count="1" type="stmt"/>
    </file>
  </project>
</coverage>
