{"/workspaces/20260609MS_Lecture/1.pomodoro/static/js/timer/clock.js": {"path":"/workspaces/20260609MS_Lecture/1.pomodoro/static/js/timer/clock.js","statementMap":{"0":{"start":{"line":15,"column":4},"end":{"line":15,"column":22}},"1":{"start":{"line":33,"column":4},"end":{"line":33,"column":29}},"2":{"start":{"line":38,"column":4},"end":{"line":38,"column":22}},"3":{"start":{"line":46,"column":4},"end":{"line":46,"column":21}},"4":{"start":{"line":54,"column":4},"end":{"line":54,"column":22}},"5":{"start":{"line":58,"column":0},"end":{"line":58,"column":44}}},"fnMap":{"0":{"name":"(anonymous_0)","decl":{"start":{"line":14,"column":2},"end":{"line":14,"column":3}},"loc":{"start":{"line":14,"column":8},"end":{"line":16,"column":3}},"line":14},"1":{"name":"(anonymous_1)","decl":{"start":{"line":32,"column":2},"end":{"line":32,"column":3}},"loc":{"start":{"line":32,"column":31},"end":{"line":34,"column":3}},"line":32},"2":{"name":"(anonymous_2)","decl":{"start":{"line":37,"column":2},"end":{"line":37,"column":3}},"loc":{"start":{"line":37,"column":8},"end":{"line":39,"column":3}},"line":37},"3":{"name":"(anonymous_3)","decl":{"start":{"line":45,"column":2},"end":{"line":45,"column":3}},"loc":{"start":{"line":45,"column":11},"end":{"line":47,"column":3}},"line":45},"4":{"name":"(anonymous_4)","decl":{"start":{"line":53,"column":2},"end":{"line":53,"column":3}},"loc":{"start":{"line":53,"column":16},"end":{"line":55,"column":3}},"line":53}},"branchMap":{"0":{"loc":{"start":{"line":32,"column":14},"end":{"line":32,"column":29}},"type":"default-arg","locations":[{"start":{"line":32,"column":28},"end":{"line":32,"column":29}}],"line":32}},"s":{"0":2,"1":6,"2":6,"3":5,"4":2,"5":1},"f":{"0":2,"1":6,"2":6,"3":5,"4":2},"b":{"0":[1]},"_coverageSchema":"1a1c01bbd47fc00a2c39e90264f33305004495a9","hash":"960f873862ae7cbcd424910ddd31db0a150a6746"}
,"/workspaces/20260609MS_Lecture/1.pomodoro/static/js/timer/config.js": {"path":"/workspaces/20260609MS_Lecture/1.pomodoro/static/js/timer/config.js","statementMap":{"0":{"start":{"line":16,"column":23},"end":{"line":21,"column":2}},"1":{"start":{"line":23,"column":0},"end":{"line":23,"column":36}}},"fnMap":{},"branchMap":{},"s":{"0":1,"1":1},"f":{},"b":{},"_coverageSchema":"1a1c01bbd47fc00a2c39e90264f33305004495a9","hash":"e67d605d8ac131348aa244be589f630c01f63e69"}
,"/workspaces/20260609MS_Lecture/1.pomodoro/static/js/timer/presenter.js": {"path":"/workspaces/20260609MS_Lecture/1.pomodoro/static/js/timer/presenter.js","statementMap":{"0":{"start":{"line":19,"column":27},"end":{"line":19,"column":43}},"1":{"start":{"line":27,"column":23},"end":{"line":27,"column":52}},"2":{"start":{"line":28,"column":18},"end":{"line":28,"column":47}},"3":{"start":{"line":29,"column":18},"end":{"line":29,"column":35}},"4":{"start":{"line":30,"column":2},"end":{"line":30,"column":83}},"5":{"start":{"line":46,"column":69},"end":{"line":46,"column":77}},"6":{"start":{"line":49,"column":2},"end":{"line":49,"column":46}},"7":{"start":{"line":52,"column":17},"end":{"line":52,"column":67}},"8":{"start":{"line":53,"column":2},"end":{"line":53,"column":47}},"9":{"start":{"line":56,"column":2},"end":{"line":56,"column":46}},"10":{"start":{"line":59,"column":2},"end":{"line":59,"column":49}},"11":{"start":{"line":60,"column":2},"end":{"line":60,"column":48}},"12":{"start":{"line":62,"column":2},"end":{"line":62,"column":48}},"13":{"start":{"line":74,"column":22},"end":{"line":80,"column":3}},"14":{"start":{"line":82,"column":24},"end":{"line":84,"column":7}},"15":{"start":{"line":86,"column":17},"end":{"line":86,"column":33}},"16":{"start":{"line":87,"column":18},"end":{"line":87,"column":67}},"17":{"start":{"line":89,"column":2},"end":{"line":96,"column":4}},"18":{"start":{"line":99,"column":0},"end":{"line":99,"column":76}}},"fnMap":{"0":{"name":"formatTime","decl":{"start":{"line":26,"column":9},"end":{"line":26,"column":19}},"loc":{"start":{"line":26,"column":33},"end":{"line":31,"column":1}},"line":26},"1":{"name":"render","decl":{"start":{"line":45,"column":9},"end":{"line":45,"column":15}},"loc":{"start":{"line":45,"column":37},"end":{"line":63,"column":1}},"line":45},"2":{"name":"buildViewModel","decl":{"start":{"line":73,"column":9},"end":{"line":73,"column":23}},"loc":{"start":{"line":73,"column":61},"end":{"line":97,"column":1}},"line":73}},"branchMap":{"0":{"loc":{"start":{"line":82,"column":24},"end":{"line":84,"column":7}},"type":"cond-expr","locations":[{"start":{"line":83,"column":6},"end":{"line":83,"column":61}},{"start":{"line":84,"column":6},"end":{"line":84,"column":7}}],"line":82},"1":{"loc":{"start":{"line":87,"column":18},"end":{"line":87,"column":67}},"type":"binary-expr","locations":[{"start":{"line":87,"column":18},"end":{"line":87,"column":41}},{"start":{"line":87,"column":45},"end":{"line":87,"column":67}}],"line":87},"2":{"loc":{"start":{"line":92,"column":15},"end":{"line":92,"column":42}},"type":"binary-expr","locations":[{"start":{"line":92,"column":15},"end":{"line":92,"column":33}},{"start":{"line":92,"column":37},"end":{"line":92,"column":42}}],"line":92},"3":{"loc":{"start":{"line":93,"column":19},"end":{"line":93,"column":42}},"type":"cond-expr","locations":[{"start":{"line":93,"column":29},"end":{"line":93,"column":35}},{"start":{"line":93,"column":38},"end":{"line":93,"column":42}}],"line":93},"4":{"loc":{"start":{"line":94,"column":20},"end":{"line":94,"column":37}},"type":"binary-expr","locations":[{"start":{"line":94,"column":20},"end":{"line":94,"column":26}},{"start":{"line":94,"column":30},"end":{"line":94,"column":37}}],"line":94}},"s":{"0":1,"1":26,"2":26,"3":26,"4":26,"5":9,"6":9,"7":9,"8":9,"9":9,"10":9,"11":9,"12":9,"13":19,"14":19,"15":19,"16":19,"17":19,"18":1},"f":{"0":26,"1":9,"2":19},"b":{"0":[19,0],"1":[19,16],"2":[19,0],"3":[4,15],"4":[19,11]},"_coverageSchema":"1a1c01bbd47fc00a2c39e90264f33305004495a9","hash":"fb305d728aeb72a37b3ed3867044f048c2a45d8d"}
,"/workspaces/20260609MS_Lecture/1.pomodoro/static/js/timer/scheduler.js": {"path":"/workspaces/20260609MS_Lecture/1.pomodoro/static/js/timer/scheduler.js","statementMap":{"0":{"start":{"line":14,"column":4},"end":{"line":14,"column":20}},"1":{"start":{"line":23,"column":4},"end":{"line":23,"column":16}},"2":{"start":{"line":24,"column":4},"end":{"line":24,"column":47}},"3":{"start":{"line":29,"column":4},"end":{"line":32,"column":5}},"4":{"start":{"line":30,"column":6},"end":{"line":30,"column":30}},"5":{"start":{"line":31,"column":6},"end":{"line":31,"column":22}},"6":{"start":{"line":37,"column":4},"end":{"line":37,"column":29}},"7":{"start":{"line":53,"column":4},"end":{"line":53,"column":26}},"8":{"start":{"line":54,"column":4},"end":{"line":54,"column":26}},"9":{"start":{"line":55,"column":4},"end":{"line":55,"column":23}},"10":{"start":{"line":62,"column":4},"end":{"line":62,"column":16}},"11":{"start":{"line":63,"column":4},"end":{"line":63,"column":30}},"12":{"start":{"line":64,"column":4},"end":{"line":64,"column":25}},"13":{"start":{"line":65,"column":4},"end":{"line":65,"column":23}},"14":{"start":{"line":69,"column":4},"end":{"line":69,"column":26}},"15":{"start":{"line":70,"column":4},"end":{"line":70,"column":26}},"16":{"start":{"line":75,"column":4},"end":{"line":78,"column":5}},"17":{"start":{"line":76,"column":6},"end":{"line":76,"column":23}},"18":{"start":{"line":77,"column":6},"end":{"line":77,"column":23}},"19":{"start":{"line":82,"column":4},"end":{"line":82,"column":25}},"20":{"start":{"line":86,"column":0},"end":{"line":86,"column":56}}},"fnMap":{"0":{"name":"(anonymous_0)","decl":{"start":{"line":13,"column":2},"end":{"line":13,"column":3}},"loc":{"start":{"line":13,"column":16},"end":{"line":15,"column":3}},"line":13},"1":{"name":"(anonymous_1)","decl":{"start":{"line":22,"column":2},"end":{"line":22,"column":3}},"loc":{"start":{"line":22,"column":28},"end":{"line":25,"column":3}},"line":22},"2":{"name":"(anonymous_2)","decl":{"start":{"line":28,"column":2},"end":{"line":28,"column":3}},"loc":{"start":{"line":28,"column":9},"end":{"line":33,"column":3}},"line":28},"3":{"name":"(anonymous_3)","decl":{"start":{"line":36,"column":2},"end":{"line":36,"column":3}},"loc":{"start":{"line":36,"column":14},"end":{"line":38,"column":3}},"line":36},"4":{"name":"(anonymous_4)","decl":{"start":{"line":52,"column":2},"end":{"line":52,"column":3}},"loc":{"start":{"line":52,"column":16},"end":{"line":56,"column":3}},"line":52},"5":{"name":"(anonymous_5)","decl":{"start":{"line":61,"column":2},"end":{"line":61,"column":3}},"loc":{"start":{"line":61,"column":18},"end":{"line":66,"column":3}},"line":61},"6":{"name":"(anonymous_6)","decl":{"start":{"line":68,"column":2},"end":{"line":68,"column":3}},"loc":{"start":{"line":68,"column":9},"end":{"line":71,"column":3}},"line":68},"7":{"name":"(anonymous_7)","decl":{"start":{"line":74,"column":2},"end":{"line":74,"column":3}},"loc":{"start":{"line":74,"column":9},"end":{"line":79,"column":3}},"line":74},"8":{"name":"(anonymous_8)","decl":{"start":{"line":81,"column":2},"end":{"line":81,"column":3}},"loc":{"start":{"line":81,"column":14},"end":{"line":83,"column":3}},"line":81}},"branchMap":{"0":{"loc":{"start":{"line":29,"column":4},"end":{"line":32,"column":5}},"type":"if","locations":[{"start":{"line":29,"column":4},"end":{"line":32,"column":5}},{"start":{},"end":{}}],"line":29},"1":{"loc":{"start":{"line":75,"column":4},"end":{"line":78,"column":5}},"type":"if","locations":[{"start":{"line":75,"column":4},"end":{"line":78,"column":5}},{"start":{},"end":{}}],"line":75},"2":{"loc":{"start":{"line":75,"column":8},"end":{"line":75,"column":39}},"type":"binary-expr","locations":[{"start":{"line":75,"column":8},"end":{"line":75,"column":21}},{"start":{"line":75,"column":25},"end":{"line":75,"column":39}}],"line":75}},"s":{"0":4,"1":4,"2":4,"3":8,"4":4,"5":4,"6":2,"7":7,"8":7,"9":7,"10":8,"11":8,"12":8,"13":8,"14":10,"15":10,"16":9,"17":8,"18":8,"19":2,"20":1},"f":{"0":4,"1":4,"2":8,"3":2,"4":7,"5":8,"6":10,"7":9,"8":2},"b":{"0":[4,4],"1":[8,1],"2":[9,8]},"_coverageSchema":"1a1c01bbd47fc00a2c39e90264f33305004495a9","hash":"d70fee9e1a8238dfa9e1756ab2db909ece298d47"}
,"/workspaces/20260609MS_Lecture/1.pomodoro/static/js/timer/state_machine.js": {"path":"/workspaces/20260609MS_Lecture/1.pomodoro/static/js/timer/state_machine.js","statementMap":{"0":{"start":{"line":26,"column":15},"end":{"line":32,"column":2}},"1":{"start":{"line":34,"column":15},"end":{"line":38,"column":2}},"2":{"start":{"line":46,"column":2},"end":{"line":50,"column":4}},"3":{"start":{"line":60,"column":2},"end":{"line":60,"column":64}},"4":{"start":{"line":73,"column":21},"end":{"line":73,"column":28}},"5":{"start":{"line":75,"column":2},"end":{"line":157,"column":3}},"6":{"start":{"line":80,"column":6},"end":{"line":88,"column":7}},"7":{"start":{"line":81,"column":8},"end":{"line":87,"column":10}},"8":{"start":{"line":90,"column":6},"end":{"line":98,"column":7}},"9":{"start":{"line":91,"column":8},"end":{"line":97,"column":10}},"10":{"start":{"line":99,"column":6},"end":{"line":99,"column":12}},"11":{"start":{"line":106,"column":6},"end":{"line":127,"column":7}},"12":{"start":{"line":107,"column":29},"end":{"line":107,"column":58}},"13":{"start":{"line":108,"column":23},"end":{"line":111,"column":9}},"14":{"start":{"line":112,"column":30},"end":{"line":114,"column":37}},"15":{"start":{"line":115,"column":31},"end":{"line":117,"column":30}},"16":{"start":{"line":119,"column":8},"end":{"line":126,"column":10}},"17":{"start":{"line":129,"column":6},"end":{"line":137,"column":7}},"18":{"start":{"line":130,"column":8},"end":{"line":136,"column":10}},"19":{"start":{"line":138,"column":6},"end":{"line":138,"column":12}},"20":{"start":{"line":145,"column":6},"end":{"line":152,"column":8}},"21":{"start":{"line":156,"column":6},"end":{"line":156,"column":12}},"22":{"start":{"line":160,"column":2},"end":{"line":160,"column":28}},"23":{"start":{"line":173,"column":2},"end":{"line":173,"column":49}},"24":{"start":{"line":173,"column":22},"end":{"line":173,"column":49}},"25":{"start":{"line":174,"column":2},"end":{"line":174,"column":34}},"26":{"start":{"line":177,"column":0},"end":{"line":184,"column":2}}},"fnMap":{"0":{"name":"createInitialContext","decl":{"start":{"line":45,"column":9},"end":{"line":45,"column":29}},"loc":{"start":{"line":45,"column":38},"end":{"line":51,"column":1}},"line":45},"1":{"name":"isLongBreakNext","decl":{"start":{"line":59,"column":9},"end":{"line":59,"column":24}},"loc":{"start":{"line":59,"column":68},"end":{"line":61,"column":1}},"line":59},"2":{"name":"nextState","decl":{"start":{"line":72,"column":9},"end":{"line":72,"column":18}},"loc":{"start":{"line":72,"column":47},"end":{"line":161,"column":1}},"line":72},"3":{"name":"calcRemaining","decl":{"start":{"line":172,"column":9},"end":{"line":172,"column":22}},"loc":{"start":{"line":172,"column":43},"end":{"line":175,"column":1}},"line":172}},"branchMap":{"0":{"loc":{"start":{"line":75,"column":2},"end":{"line":157,"column":3}},"type":"switch","locations":[{"start":{"line":79,"column":4},"end":{"line":100,"column":5}},{"start":{"line":105,"column":4},"end":{"line":139,"column":5}},{"start":{"line":144,"column":4},"end":{"line":153,"column":5}},{"start":{"line":155,"column":4},"end":{"line":156,"column":12}}],"line":75},"1":{"loc":{"start":{"line":80,"column":6},"end":{"line":88,"column":7}},"type":"if","locations":[{"start":{"line":80,"column":6},"end":{"line":88,"column":7}},{"start":{},"end":{}}],"line":80},"2":{"loc":{"start":{"line":90,"column":6},"end":{"line":98,"column":7}},"type":"if","locations":[{"start":{"line":90,"column":6},"end":{"line":98,"column":7}},{"start":{},"end":{}}],"line":90},"3":{"loc":{"start":{"line":90,"column":10},"end":{"line":90,"column":69}},"type":"binary-expr","locations":[{"start":{"line":90,"column":10},"end":{"line":90,"column":38}},{"start":{"line":90,"column":42},"end":{"line":90,"column":69}}],"line":90},"4":{"loc":{"start":{"line":106,"column":6},"end":{"line":127,"column":7}},"type":"if","locations":[{"start":{"line":106,"column":6},"end":{"line":127,"column":7}},{"start":{},"end":{}}],"line":106},"5":{"loc":{"start":{"line":112,"column":30},"end":{"line":114,"column":37}},"type":"cond-expr","locations":[{"start":{"line":113,"column":12},"end":{"line":113,"column":36}},{"start":{"line":114,"column":12},"end":{"line":114,"column":37}}],"line":112},"6":{"loc":{"start":{"line":115,"column":31},"end":{"line":117,"column":30}},"type":"cond-expr","locations":[{"start":{"line":116,"column":12},"end":{"line":116,"column":29}},{"start":{"line":117,"column":12},"end":{"line":117,"column":30}}],"line":115},"7":{"loc":{"start":{"line":129,"column":6},"end":{"line":137,"column":7}},"type":"if","locations":[{"start":{"line":129,"column":6},"end":{"line":137,"column":7}},{"start":{},"end":{}}],"line":129},"8":{"loc":{"start":{"line":129,"column":10},"end":{"line":129,"column":69}},"type":"binary-expr","locations":[{"start":{"line":129,"column":10},"end":{"line":129,"column":38}},{"start":{"line":129,"column":42},"end":{"line":129,"column":69}}],"line":129},"9":{"loc":{"start":{"line":173,"column":2},"end":{"line":173,"column":49}},"type":"if","locations":[{"start":{"line":173,"column":2},"end":{"line":173,"column":49}},{"start":{},"end":{}}],"line":173}},"s":{"0":1,"1":1,"2":29,"3":19,"4":37,"5":37,"6":11,"7":8,"8":3,"9":2,"10":1,"11":19,"12":13,"13":13,"14":13,"15":13,"16":13,"17":6,"18":6,"19":0,"20":7,"21":0,"22":1,"23":5,"24":1,"25":4,"26":1},"f":{"0":29,"1":19,"2":37,"3":5},"b":{"0":[11,19,7,0],"1":[8,3],"2":[2,1],"3":[3,2],"4":[13,6],"5":[4,9],"6":[4,9],"7":[6,0],"8":[6,1],"9":[1,4]},"_coverageSchema":"1a1c01bbd47fc00a2c39e90264f33305004495a9","hash":"98463e4e7d2fb26ef56e94bfe9b0239e14918d65"}
}
