TN:
SF:static/js/timer/clock.js
FN:14,(anonymous_0)
FN:32,(anonymous_1)
FN:37,(anonymous_2)
FN:45,(anonymous_3)
FN:53,(anonymous_4)
FNF:5
FNH:5
FNDA:2,(anonymous_0)
FNDA:6,(anonymous_1)
FNDA:6,(anonymous_2)
FNDA:5,(anonymous_3)
FNDA:2,(anonymous_4)
DA:15,2
DA:33,6
DA:38,6
DA:46,5
DA:54,2
DA:58,1
LF:6
LH:6
BRDA:32,0,0,1
BRF:1
BRH:1
end_of_record
TN:
SF:static/js/timer/config.js
FNF:0
FNH:0
DA:16,1
DA:23,1
LF:2
LH:2
BRF:0
BRH:0
end_of_record
TN:
SF:static/js/timer/presenter.js
FN:26,formatTime
FN:45,render
FN:73,buildViewModel
FNF:3
FNH:3
FNDA:26,formatTime
FNDA:9,render
FNDA:19,buildViewModel
DA:19,1
DA:27,26
DA:28,26
DA:29,26
DA:30,26
DA:46,9
DA:49,9
DA:52,9
DA:53,9
DA:56,9
DA:59,9
DA:60,9
DA:62,9
DA:74,19
DA:82,19
DA:86,19
DA:87,19
DA:89,19
DA:99,1
LF:19
LH:19
BRDA:82,0,0,19
BRDA:82,0,1,0
BRDA:87,1,0,19
BRDA:87,1,1,16
BRDA:92,2,0,19
BRDA:92,2,1,0
BRDA:93,3,0,4
BRDA:93,3,1,15
BRDA:94,4,0,19
BRDA:94,4,1,11
BRF:10
BRH:8
end_of_record
TN:
SF:static/js/timer/scheduler.js
FN:13,(anonymous_0)
FN:22,(anonymous_1)
FN:28,(anonymous_2)
FN:36,(anonymous_3)
FN:52,(anonymous_4)
FN:61,(anonymous_5)
FN:68,(anonymous_6)
FN:74,(anonymous_7)
FN:81,(anonymous_8)
FNF:9
FNH:9
FNDA:4,(anonymous_0)
FNDA:4,(anonymous_1)
FNDA:8,(anonymous_2)
FNDA:2,(anonymous_3)
FNDA:7,(anonymous_4)
FNDA:8,(anonymous_5)
FNDA:10,(anonymous_6)
FNDA:9,(anonymous_7)
FNDA:2,(anonymous_8)
DA:14,4
DA:23,4
DA:24,4
DA:29,8
DA:30,4
DA:31,4
DA:37,2
DA:53,7
DA:54,7
DA:55,7
DA:62,8
DA:63,8
DA:64,8
DA:65,8
DA:69,10
DA:70,10
DA:75,9
DA:76,8
DA:77,8
DA:82,2
DA:86,1
LF:21
LH:21
BRDA:29,0,0,4
BRDA:29,0,1,4
BRDA:75,1,0,8
BRDA:75,1,1,1
BRDA:75,2,0,9
BRDA:75,2,1,8
BRF:6
BRH:6
end_of_record
TN:
SF:static/js/timer/state_machine.js
FN:45,createInitialContext
FN:59,isLongBreakNext
FN:72,nextState
FN:172,calcRemaining
FNF:4
FNH:4
FNDA:29,createInitialContext
FNDA:19,isLongBreakNext
FNDA:37,nextState
FNDA:5,calcRemaining
DA:26,1
DA:34,1
DA:46,29
DA:60,19
DA:73,37
DA:75,37
DA:80,11
DA:81,8
DA:90,3
DA:91,2
DA:99,1
DA:106,19
DA:107,13
DA:108,13
DA:112,13
DA:115,13
DA:119,13
DA:129,6
DA:130,6
DA:138,0
DA:145,7
DA:156,0
DA:160,1
DA:173,5
DA:174,4
DA:177,1
LF:26
LH:24
BRDA:75,0,0,11
BRDA:75,0,1,19
BRDA:75,0,2,7
BRDA:75,0,3,0
BRDA:80,1,0,8
BRDA:80,1,1,3
BRDA:90,2,0,2
BRDA:90,2,1,1
BRDA:90,3,0,3
BRDA:90,3,1,2
BRDA:106,4,0,13
BRDA:106,4,1,6
BRDA:112,5,0,4
BRDA:112,5,1,9
BRDA:115,6,0,4
BRDA:115,6,1,9
BRDA:129,7,0,6
BRDA:129,7,1,0
BRDA:129,8,0,6
BRDA:129,8,1,1
BRDA:173,9,0,1
BRDA:173,9,1,4
BRF:22
BRH:20
end_of_record
